<?xml version="1.0" encoding="UTF-8"?>
<testsuite xmlns:xsi="http://www.w3.org/2001/XMLSchema-instance" xsi:noNamespaceSchemaLocation="https://maven.apache.org/surefire/maven-surefire-plugin/xsd/surefire-test-report-3.0.xsd" version="3.0" name="de.tastaturathlet.document.repository.DocumentRepositoryTest" time="6.77" tests="5" errors="0" skipped="0" failures="0">
  <properties>
[...]
</properties>
  <testcase name="findAllDocument" classname="de.tastaturathlet.document.repository.DocumentRepositoryTest" time="0.145">
    <system-out><![CDATA[10:38:34.535 [main] DEBUG org.springframework.test.context.BootstrapUtils - Instantiating CacheAwareContextLoaderDelegate from class [org.springframework.test.context.cache.DefaultCacheAwareContextLoaderDelegate]
10:38:34.540 [main] DEBUG org.springframework.test.context.BootstrapUtils - Instantiating BootstrapContext using constructor [public org.springframework.test.context.support.DefaultBootstrapContext(java.lang.Class,org.springframework.test.context.CacheAwareContextLoaderDelegate)]
10:38:34.559 [main] DEBUG org.springframework.test.context.BootstrapUtils - Instantiating TestContextBootstrapper for test class [de.tastaturathlet.document.repository.DocumentRepositoryTest] from class [org.springframework.boot.test.autoconfigure.orm.jpa.DataJpaTestContextBootstrapper]
10:38:34.570 [main] DEBUG org.springframework.test.context.support.AbstractContextLoader - Did not detect default resource location for test class [de.tastaturathlet.document.repository.DocumentRepositoryTest]: class path resource [de/tastaturathlet/document/repository/DocumentRepositoryTest-context.xml] does not exist
10:38:34.570 [main] DEBUG org.springframework.test.context.support.AbstractContextLoader - Did not detect default resource location for test class [de.tastaturathlet.document.repository.DocumentRepositoryTest]: class path resource [de/tastaturathlet/document/repository/DocumentRepositoryTestContext.groovy] does not exist
10:38:34.570 [main] INFO org.springframework.test.context.support.AbstractContextLoader - Could not detect default resource locations for test class [de.tastaturathlet.document.repository.DocumentRepositoryTest]: no resource found for suffixes {-context.xml, Context.groovy}.
10:38:34.601 [main] DEBUG org.springframework.test.context.support.ActiveProfilesUtils - Could not find an 'annotation declaring class' for annotation type [org.springframework.test.context.ActiveProfiles] and class [de.tastaturathlet.document.repository.DocumentRepositoryTest]
10:38:34.605 [main] DEBUG org.springframework.boot.test.autoconfigure.orm.jpa.DataJpaTestContextBootstrapper - @TestExecutionListeners is not present for class [de.tastaturathlet.document.repository.DocumentRepositoryTest]: using defaults.
10:38:34.605 [main] INFO org.springframework.boot.test.autoconfigure.orm.jpa.DataJpaTestContextBootstrapper - Loaded default TestExecutionListener class names from location [META-INF/spring.factories]: [org.springframework.boot.test.mock.mockito.MockitoTestExecutionListener, org.springframework.boot.test.mock.mockito.ResetMocksTestExecutionListener, org.springframework.boot.test.autoconfigure.restdocs.RestDocsTestExecutionListener, org.springframework.boot.test.autoconfigure.web.client.MockRestServiceServerResetTestExecutionListener, org.springframework.boot.test.autoconfigure.web.servlet.MockMvcPrintOnlyOnFailureTestExecutionListener, org.springframework.boot.test.autoconfigure.web.servlet.WebDriverTestExecutionListener, org.springframework.boot.test.autoconfigure.webservices.client.MockWebServiceServerTestExecutionListener, org.springframework.test.context.web.ServletTestExecutionListener, org.springframework.test.context.support.DirtiesContextBeforeModesTestExecutionListener, org.springframework.test.context.event.ApplicationEventsTestExecutionListener, org.springframework.test.context.support.DependencyInjectionTestExecutionListener, org.springframework.test.context.support.DirtiesContextTestExecutionListener, org.springframework.test.context.transaction.TransactionalTestExecutionListener, org.springframework.test.context.jdbc.SqlScriptsTestExecutionListener, org.springframework.test.context.event.EventPublishingTestExecutionListener]
10:38:34.615 [main] INFO org.springframework.boot.test.autoconfigure.orm.jpa.DataJpaTestContextBootstrapper - Using TestExecutionListeners: [org.springframework.test.context.web.ServletTestExecutionListener@3bcbb589, org.springframework.test.context.support.DirtiesContextBeforeModesTestExecutionListener@3b00856b, org.springframework.test.context.event.ApplicationEventsTestExecutionListener@3016fd5e, org.springframework.boot.test.mock.mockito.MockitoTestExecutionListener@35d08e6c, org.springframework.boot.test.autoconfigure.SpringBootDependencyInjectionTestExecutionListener@53d102a2, org.springframework.test.context.support.DirtiesContextTestExecutionListener@6c45ee6e, org.springframework.test.context.transaction.TransactionalTestExecutionListener@6b3e12b5, org.springframework.test.context.jdbc.SqlScriptsTestExecutionListener@5aac4250, org.springframework.test.context.event.EventPublishingTestExecutionListener@1338fb5, org.springframework.boot.test.mock.mockito.ResetMocksTestExecutionListener@42463763, org.springframework.boot.test.autoconfigure.restdocs.RestDocsTestExecutionListener@59f63e24, org.springframework.boot.test.autoconfigure.web.client.MockRestServiceServerResetTestExecutionListener@61f05988, org.springframework.boot.test.autoconfigure.web.servlet.MockMvcPrintOnlyOnFailureTestExecutionListener@7ca33c24, org.springframework.boot.test.autoconfigure.web.servlet.WebDriverTestExecutionListener@fade1fc, org.springframework.boot.test.autoconfigure.webservices.client.MockWebServiceServerTestExecutionListener@67c2e933]
10:38:34.617 [main] DEBUG org.springframework.test.context.support.AbstractDirtiesContextTestExecutionListener - Before test class: context [DefaultTestContext@47f4e407 testClass = DocumentRepositoryTest, testInstance = [null], testMethod = [null], testException = [null], mergedContextConfiguration = [MergedContextConfiguration@2d1dee39 testClass = DocumentRepositoryTest, locations = '{}', classes = '{class de.tastaturathlet.document.config.JpaAuditingConfig}', contextInitializerClasses = '[]', activeProfiles = '{}', propertySourceLocations = '{}', propertySourceProperties = '{org.springframework.boot.test.autoconfigure.orm.jpa.DataJpaTestContextBootstrapper=true}', contextCustomizers = set[[ImportsContextCustomizer@48d5f34e key = [@org.springframework.boot.test.autoconfigure.orm.jpa.AutoConfigureDataJpa(), @org.springframework.boot.test.autoconfigure.orm.jpa.AutoConfigureTestEntityManager(), @org.springframework.context.annotation.Import(value={org.springframework.data.jpa.repository.config.JpaRepositoriesRegistrar.class}), @org.springframework.context.annotation.Import(value={org.springframework.boot.autoconfigure.domain.EntityScanPackages$Registrar.class}), @org.springframework.transaction.annotation.Transactional(propagation=REQUIRED, rollbackForClassName={}, readOnly=false, isolation=DEFAULT, transactionManager="", timeoutString="", label={}, noRollbackFor={}, noRollbackForClassName={}, value="", timeout=-1, rollbackFor={}), @org.springframework.test.context.BootstrapWith(value=org.springframework.boot.test.autoconfigure.orm.jpa.DataJpaTestContextBootstrapper.class), @org.springframework.boot.test.autoconfigure.core.AutoConfigureCache(cacheProvider=NONE), @org.springframework.boot.autoconfigure.domain.EntityScan(basePackages={}, value={"de.tastaturathlet.document.domain"}, basePackageClasses={}), @org.springframework.data.jpa.repository.config.EnableJpaRepositories(excludeFilters={}, enableDefaultTransactions=true, repositoryBaseClass=org.springframework.data.repository.config.DefaultRepositoryBaseClass.class, basePackageClasses={}, escapeCharacter='\', includeFilters={}, bootstrapMode=DEFAULT, repositoryFactoryBeanClass=org.springframework.data.jpa.repository.support.JpaRepositoryFactoryBean.class, entityManagerFactoryRef="entityManagerFactory", queryLookupStrategy=CREATE_IF_NOT_FOUND, namedQueriesLocation="", transactionManagerRef="transactionManager", repositoryImplementationPostfix="Impl", basePackages={"de.tastaturathlet.document.*"}, considerNestedRepositories=false, value={}), @org.springframework.context.annotation.Import(value={org.springframework.boot.autoconfigure.ImportAutoConfigurationImportSelector.class}), @org.springframework.boot.autoconfigure.ImportAutoConfiguration(value={}, exclude={}, classes={}), @org.springframework.boot.test.autoconfigure.jdbc.AutoConfigureTestDatabase(replace=ANY, connection=NONE), @org.springframework.boot.test.autoconfigure.filter.TypeExcludeFilters(value={org.springframework.boot.test.autoconfigure.orm.jpa.DataJpaTypeExcludeFilter.class}), @org.springframework.boot.test.autoconfigure.properties.PropertyMapping(value="spring.test.database", skip=NO), @org.springframework.test.context.ContextConfiguration(inheritInitializers=true, loader=org.springframework.test.context.ContextLoader.class, initializers={}, classes={de.tastaturathlet.document.config.JpaAuditingConfig.class}, name="", locations={}, value={}, inheritLocations=true), @org.springframework.boot.test.autoconfigure.OverrideAutoConfiguration(enabled=false), @org.springframework.boot.test.autoconfigure.orm.jpa.DataJpaTest(bootstrapMode=DEFAULT, useDefaultFilters=true, excludeFilters={}, showSql=true, excludeAutoConfiguration={}, includeFilters={}, properties={})]], org.springframework.boot.test.context.filter.ExcludeFilterContextCustomizer@2a62b5bc, org.springframework.boot.test.json.DuplicateJsonObjectContextCustomizerFactory$DuplicateJsonObjectContextCustomizer@53fd0d10, org.springframework.boot.test.mock.mockito.MockitoContextCustomizer@d320340e, org.springframework.boot.test.autoconfigure.OverrideAutoConfigurationContextCustomizerFactory$DisableAutoConfigurationContextCustomizer@3549bca9, org.springframework.boot.test.autoconfigure.actuate.metrics.MetricsExportContextCustomizerFactory$DisableMetricExportContextCustomizer@74bada02, org.springframework.boot.test.autoconfigure.filter.TypeExcludeFiltersContextCustomizer@351584c0, org.springframework.boot.test.autoconfigure.properties.PropertyMappingContextCustomizer@3fcb9f70, org.springframework.boot.test.autoconfigure.web.servlet.WebDriverContextCustomizerFactory$Customizer@6aa3a905, org.springframework.boot.test.context.SpringBootTestArgs@1, org.springframework.boot.test.context.SpringBootTestWebEnvironment@0], contextLoader = 'org.springframework.boot.test.context.SpringBootContextLoader', parent = [null]], attributes = map[[empty]]], class annotated with @DirtiesContext [false] with mode [null].

  .   ____          _            __ _ _
 /\\ / ___'_ __ _ _(_)_ __  __ _ \ \ \ \
( ( )\___ | '_ | '_| | '_ \/ _` | \ \ \ \
 \\/  ___)| |_)| | | | | || (_| |  ) ) ) )
  '  |____| .__|_| |_|_| |_\__, | / / / /
 =========|_|==============|___/=/_/_/_/
 :: Spring Boot ::                (v2.6.7)

2022-07-22 10:38:39.863  INFO 3807 --- [           main] d.t.d.repository.DocumentRepositoryTest  : Starting DocumentRepositoryTest using Java 11.0.15 on Mikes-MacBook-Pro.local with PID 3807 (started by mikeremde in /Users/mikeremde/athlet/learn-githubactions)
2022-07-22 10:38:39.863  INFO 3807 --- [           main] d.t.d.repository.DocumentRepositoryTest  : No active profile set, falling back to 1 default profile: "default"
2022-07-22 10:38:40.003  INFO 3807 --- [           main] .s.d.r.c.RepositoryConfigurationDelegate : Multiple Spring Data modules found, entering strict repository configuration mode!
2022-07-22 10:38:40.004  INFO 3807 --- [           main] .s.d.r.c.RepositoryConfigurationDelegate : Bootstrapping Spring Data JPA repositories in DEFAULT mode.
2022-07-22 10:38:40.032  INFO 3807 --- [           main] .s.d.r.c.RepositoryConfigurationDelegate : Finished Spring Data repository scanning in 24 ms. Found 1 JPA repository interfaces.
2022-07-22 10:38:40.085  INFO 3807 --- [           main] beddedDataSourceBeanFactoryPostProcessor : Replacing 'dataSource' DataSource bean with embedded version
2022-07-22 10:38:40.179  INFO 3807 --- [           main] o.s.j.d.e.EmbeddedDatabaseFactory        : Starting embedded database: url='jdbc:h2:mem:fb6cf6b1-8aac-421c-beb4-05a420740480;DB_CLOSE_DELAY=-1;DB_CLOSE_ON_EXIT=false', username='sa'
2022-07-22 10:38:40.357  INFO 3807 --- [           main] o.hibernate.jpa.internal.util.LogHelper  : HHH000204: Processing PersistenceUnitInfo [name: default]
2022-07-22 10:38:40.384  INFO 3807 --- [           main] org.hibernate.Version                    : HHH000412: Hibernate ORM core version 5.6.8.Final
2022-07-22 10:38:40.469  INFO 3807 --- [           main] o.hibernate.annotations.common.Version   : HCANN000001: Hibernate Commons Annotations {5.1.2.Final}
2022-07-22 10:38:40.531  INFO 3807 --- [           main] org.hibernate.dialect.Dialect            : HHH000400: Using dialect: org.hibernate.dialect.H2Dialect
2022-07-22 10:38:40.801  INFO 3807 --- [           main] o.h.e.t.j.p.i.JtaPlatformInitiator       : HHH000490: Using JtaPlatform implementation: [org.hibernate.engine.transaction.jta.platform.internal.NoJtaPlatform]
2022-07-22 10:38:40.805  INFO 3807 --- [           main] j.LocalContainerEntityManagerFactoryBean : Initialized JPA EntityManagerFactory for persistence unit 'default'
2022-07-22 10:38:41.072  INFO 3807 --- [           main] d.t.d.repository.DocumentRepositoryTest  : Started DocumentRepositoryTest in 6.432 seconds (JVM running for 6.9)
2022-07-22 10:38:41.085  INFO 3807 --- [           main] o.s.t.c.transaction.TransactionContext   : Began transaction (1) for test context [DefaultTestContext@47f4e407 testClass = DocumentRepositoryTest, testInstance = de.tastaturathlet.document.repository.DocumentRepositoryTest@1782896, testMethod = findAllDocument@DocumentRepositoryTest, testException = [null], mergedContextConfiguration = [MergedContextConfiguration@2d1dee39 testClass = DocumentRepositoryTest, locations = '{}', classes = '{class de.tastaturathlet.document.config.JpaAuditingConfig}', contextInitializerClasses = '[]', activeProfiles = '{}', propertySourceLocations = '{}', propertySourceProperties = '{org.springframework.boot.test.autoconfigure.orm.jpa.DataJpaTestContextBootstrapper=true}', contextCustomizers = set[[ImportsContextCustomizer@48d5f34e key = [@org.springframework.boot.test.autoconfigure.orm.jpa.AutoConfigureDataJpa(), @org.springframework.boot.test.autoconfigure.orm.jpa.AutoConfigureTestEntityManager(), @org.springframework.context.annotation.Import(value={org.springframework.data.jpa.repository.config.JpaRepositoriesRegistrar.class}), @org.springframework.context.annotation.Import(value={org.springframework.boot.autoconfigure.domain.EntityScanPackages$Registrar.class}), @org.springframework.transaction.annotation.Transactional(propagation=REQUIRED, rollbackForClassName={}, readOnly=false, isolation=DEFAULT, transactionManager="", timeoutString="", label={}, noRollbackFor={}, noRollbackForClassName={}, value="", timeout=-1, rollbackFor={}), @org.springframework.test.context.BootstrapWith(value=org.springframework.boot.test.autoconfigure.orm.jpa.DataJpaTestContextBootstrapper.class), @org.springframework.boot.test.autoconfigure.core.AutoConfigureCache(cacheProvider=NONE), @org.springframework.boot.autoconfigure.domain.EntityScan(basePackages={}, value={"de.tastaturathlet.document.domain"}, basePackageClasses={}), @org.springframework.data.jpa.repository.config.EnableJpaRepositories(excludeFilters={}, enableDefaultTransactions=true, repositoryBaseClass=org.springframework.data.repository.config.DefaultRepositoryBaseClass.class, basePackageClasses={}, escapeCharacter='\', includeFilters={}, bootstrapMode=DEFAULT, repositoryFactoryBeanClass=org.springframework.data.jpa.repository.support.JpaRepositoryFactoryBean.class, entityManagerFactoryRef="entityManagerFactory", queryLookupStrategy=CREATE_IF_NOT_FOUND, namedQueriesLocation="", transactionManagerRef="transactionManager", repositoryImplementationPostfix="Impl", basePackages={"de.tastaturathlet.document.*"}, considerNestedRepositories=false, value={}), @org.springframework.context.annotation.Import(value={org.springframework.boot.autoconfigure.ImportAutoConfigurationImportSelector.class}), @org.springframework.boot.autoconfigure.ImportAutoConfiguration(value={}, exclude={}, classes={}), @org.springframework.boot.test.autoconfigure.jdbc.AutoConfigureTestDatabase(replace=ANY, connection=NONE), @org.springframework.boot.test.autoconfigure.filter.TypeExcludeFilters(value={org.springframework.boot.test.autoconfigure.orm.jpa.DataJpaTypeExcludeFilter.class}), @org.springframework.boot.test.autoconfigure.properties.PropertyMapping(value="spring.test.database", skip=NO), @org.springframework.test.context.ContextConfiguration(inheritInitializers=true, loader=org.springframework.test.context.ContextLoader.class, initializers={}, classes={de.tastaturathlet.document.config.JpaAuditingConfig.class}, name="", locations={}, value={}, inheritLocations=true), @org.springframework.boot.test.autoconfigure.OverrideAutoConfiguration(enabled=false), @org.springframework.boot.test.autoconfigure.orm.jpa.DataJpaTest(bootstrapMode=DEFAULT, useDefaultFilters=true, excludeFilters={}, showSql=true, excludeAutoConfiguration={}, includeFilters={}, properties={})]], org.springframework.boot.test.context.filter.ExcludeFilterContextCustomizer@2a62b5bc, org.springframework.boot.test.json.DuplicateJsonObjectContextCustomizerFactory$DuplicateJsonObjectContextCustomizer@53fd0d10, org.springframework.boot.test.mock.mockito.MockitoContextCustomizer@d320340e, org.springframework.boot.test.autoconfigure.OverrideAutoConfigurationContextCustomizerFactory$DisableAutoConfigurationContextCustomizer@3549bca9, org.springframework.boot.test.autoconfigure.actuate.metrics.MetricsExportContextCustomizerFactory$DisableMetricExportContextCustomizer@74bada02, org.springframework.boot.test.autoconfigure.filter.TypeExcludeFiltersContextCustomizer@351584c0, org.springframework.boot.test.autoconfigure.properties.PropertyMappingContextCustomizer@3fcb9f70, org.springframework.boot.test.autoconfigure.web.servlet.WebDriverContextCustomizerFactory$Customizer@6aa3a905, org.springframework.boot.test.context.SpringBootTestArgs@1, org.springframework.boot.test.context.SpringBootTestWebEnvironment@0], contextLoader = 'org.springframework.boot.test.context.SpringBootContextLoader', parent = [null]], attributes = map['org.springframework.test.context.event.ApplicationEventsTestExecutionListener.recordApplicationEvents' -> false]]; transaction manager [org.springframework.orm.jpa.JpaTransactionManager@30333941]; rollback [true]
2022-07-22 10:38:41.220  INFO 3807 --- [           main] o.s.t.c.transaction.TransactionContext   : Rolled back transaction for test: [DefaultTestContext@47f4e407 testClass = DocumentRepositoryTest, testInstance = de.tastaturathlet.document.repository.DocumentRepositoryTest@1782896, testMethod = findAllDocument@DocumentRepositoryTest, testException = [null], mergedContextConfiguration = [MergedContextConfiguration@2d1dee39 testClass = DocumentRepositoryTest, locations = '{}', classes = '{class de.tastaturathlet.document.config.JpaAuditingConfig}', contextInitializerClasses = '[]', activeProfiles = '{}', propertySourceLocations = '{}', propertySourceProperties = '{org.springframework.boot.test.autoconfigure.orm.jpa.DataJpaTestContextBootstrapper=true}', contextCustomizers = set[[ImportsContextCustomizer@48d5f34e key = [@org.springframework.boot.test.autoconfigure.orm.jpa.AutoConfigureDataJpa(), @org.springframework.boot.test.autoconfigure.orm.jpa.AutoConfigureTestEntityManager(), @org.springframework.context.annotation.Import(value={org.springframework.data.jpa.repository.config.JpaRepositoriesRegistrar.class}), @org.springframework.context.annotation.Import(value={org.springframework.boot.autoconfigure.domain.EntityScanPackages$Registrar.class}), @org.springframework.transaction.annotation.Transactional(propagation=REQUIRED, rollbackForClassName={}, readOnly=false, isolation=DEFAULT, transactionManager="", timeoutString="", label={}, noRollbackFor={}, noRollbackForClassName={}, value="", timeout=-1, rollbackFor={}), @org.springframework.test.context.BootstrapWith(value=org.springframework.boot.test.autoconfigure.orm.jpa.DataJpaTestContextBootstrapper.class), @org.springframework.boot.test.autoconfigure.core.AutoConfigureCache(cacheProvider=NONE), @org.springframework.boot.autoconfigure.domain.EntityScan(basePackages={}, value={"de.tastaturathlet.document.domain"}, basePackageClasses={}), @org.springframework.data.jpa.repository.config.EnableJpaRepositories(excludeFilters={}, enableDefaultTransactions=true, repositoryBaseClass=org.springframework.data.repository.config.DefaultRepositoryBaseClass.class, basePackageClasses={}, escapeCharacter='\', includeFilters={}, bootstrapMode=DEFAULT, repositoryFactoryBeanClass=org.springframework.data.jpa.repository.support.JpaRepositoryFactoryBean.class, entityManagerFactoryRef="entityManagerFactory", queryLookupStrategy=CREATE_IF_NOT_FOUND, namedQueriesLocation="", transactionManagerRef="transactionManager", repositoryImplementationPostfix="Impl", basePackages={"de.tastaturathlet.document.*"}, considerNestedRepositories=false, value={}), @org.springframework.context.annotation.Import(value={org.springframework.boot.autoconfigure.ImportAutoConfigurationImportSelector.class}), @org.springframework.boot.autoconfigure.ImportAutoConfiguration(value={}, exclude={}, classes={}), @org.springframework.boot.test.autoconfigure.jdbc.AutoConfigureTestDatabase(replace=ANY, connection=NONE), @org.springframework.boot.test.autoconfigure.filter.TypeExcludeFilters(value={org.springframework.boot.test.autoconfigure.orm.jpa.DataJpaTypeExcludeFilter.class}), @org.springframework.boot.test.autoconfigure.properties.PropertyMapping(value="spring.test.database", skip=NO), @org.springframework.test.context.ContextConfiguration(inheritInitializers=true, loader=org.springframework.test.context.ContextLoader.class, initializers={}, classes={de.tastaturathlet.document.config.JpaAuditingConfig.class}, name="", locations={}, value={}, inheritLocations=true), @org.springframework.boot.test.autoconfigure.OverrideAutoConfiguration(enabled=false), @org.springframework.boot.test.autoconfigure.orm.jpa.DataJpaTest(bootstrapMode=DEFAULT, useDefaultFilters=true, excludeFilters={}, showSql=true, excludeAutoConfiguration={}, includeFilters={}, properties={})]], org.springframework.boot.test.context.filter.ExcludeFilterContextCustomizer@2a62b5bc, org.springframework.boot.test.json.DuplicateJsonObjectContextCustomizerFactory$DuplicateJsonObjectContextCustomizer@53fd0d10, org.springframework.boot.test.mock.mockito.MockitoContextCustomizer@d320340e, org.springframework.boot.test.autoconfigure.OverrideAutoConfigurationContextCustomizerFactory$DisableAutoConfigurationContextCustomizer@3549bca9, org.springframework.boot.test.autoconfigure.actuate.metrics.MetricsExportContextCustomizerFactory$DisableMetricExportContextCustomizer@74bada02, org.springframework.boot.test.autoconfigure.filter.TypeExcludeFiltersContextCustomizer@351584c0, org.springframework.boot.test.autoconfigure.properties.PropertyMappingContextCustomizer@3fcb9f70, org.springframework.boot.test.autoconfigure.web.servlet.WebDriverContextCustomizerFactory$Customizer@6aa3a905, org.springframework.boot.test.context.SpringBootTestArgs@1, org.springframework.boot.test.context.SpringBootTestWebEnvironment@0], contextLoader = 'org.springframework.boot.test.context.SpringBootContextLoader', parent = [null]], attributes = map['org.springframework.test.context.event.ApplicationEventsTestExecutionListener.recordApplicationEvents' -> false]]
]]></system-out>
  </testcase>
  <testcase name="deleteDocument" classname="de.tastaturathlet.document.repository.DocumentRepositoryTest" time="0.01">
    <system-out><![CDATA[2022-07-22 10:38:41.225  INFO 3807 --- [           main] o.s.t.c.transaction.TransactionContext   : Began transaction (1) for test context [DefaultTestContext@47f4e407 testClass = DocumentRepositoryTest, testInstance = de.tastaturathlet.document.repository.DocumentRepositoryTest@5e02fb23, testMethod = deleteDocument@DocumentRepositoryTest, testException = [null], mergedContextConfiguration = [MergedContextConfiguration@2d1dee39 testClass = DocumentRepositoryTest, locations = '{}', classes = '{class de.tastaturathlet.document.config.JpaAuditingConfig}', contextInitializerClasses = '[]', activeProfiles = '{}', propertySourceLocations = '{}', propertySourceProperties = '{org.springframework.boot.test.autoconfigure.orm.jpa.DataJpaTestContextBootstrapper=true}', contextCustomizers = set[[ImportsContextCustomizer@48d5f34e key = [@org.springframework.boot.test.autoconfigure.orm.jpa.AutoConfigureDataJpa(), @org.springframework.boot.test.autoconfigure.orm.jpa.AutoConfigureTestEntityManager(), @org.springframework.context.annotation.Import(value={org.springframework.data.jpa.repository.config.JpaRepositoriesRegistrar.class}), @org.springframework.context.annotation.Import(value={org.springframework.boot.autoconfigure.domain.EntityScanPackages$Registrar.class}), @org.springframework.transaction.annotation.Transactional(propagation=REQUIRED, rollbackForClassName={}, readOnly=false, isolation=DEFAULT, transactionManager="", timeoutString="", label={}, noRollbackFor={}, noRollbackForClassName={}, value="", timeout=-1, rollbackFor={}), @org.springframework.test.context.BootstrapWith(value=org.springframework.boot.test.autoconfigure.orm.jpa.DataJpaTestContextBootstrapper.class), @org.springframework.boot.test.autoconfigure.core.AutoConfigureCache(cacheProvider=NONE), @org.springframework.boot.autoconfigure.domain.EntityScan(basePackages={}, value={"de.tastaturathlet.document.domain"}, basePackageClasses={}), @org.springframework.data.jpa.repository.config.EnableJpaRepositories(excludeFilters={}, enableDefaultTransactions=true, repositoryBaseClass=org.springframework.data.repository.config.DefaultRepositoryBaseClass.class, basePackageClasses={}, escapeCharacter='\', includeFilters={}, bootstrapMode=DEFAULT, repositoryFactoryBeanClass=org.springframework.data.jpa.repository.support.JpaRepositoryFactoryBean.class, entityManagerFactoryRef="entityManagerFactory", queryLookupStrategy=CREATE_IF_NOT_FOUND, namedQueriesLocation="", transactionManagerRef="transactionManager", repositoryImplementationPostfix="Impl", basePackages={"de.tastaturathlet.document.*"}, considerNestedRepositories=false, value={}), @org.springframework.context.annotation.Import(value={org.springframework.boot.autoconfigure.ImportAutoConfigurationImportSelector.class}), @org.springframework.boot.autoconfigure.ImportAutoConfiguration(value={}, exclude={}, classes={}), @org.springframework.boot.test.autoconfigure.jdbc.AutoConfigureTestDatabase(replace=ANY, connection=NONE), @org.springframework.boot.test.autoconfigure.filter.TypeExcludeFilters(value={org.springframework.boot.test.autoconfigure.orm.jpa.DataJpaTypeExcludeFilter.class}), @org.springframework.boot.test.autoconfigure.properties.PropertyMapping(value="spring.test.database", skip=NO), @org.springframework.test.context.ContextConfiguration(inheritInitializers=true, loader=org.springframework.test.context.ContextLoader.class, initializers={}, classes={de.tastaturathlet.document.config.JpaAuditingConfig.class}, name="", locations={}, value={}, inheritLocations=true), @org.springframework.boot.test.autoconfigure.OverrideAutoConfiguration(enabled=false), @org.springframework.boot.test.autoconfigure.orm.jpa.DataJpaTest(bootstrapMode=DEFAULT, useDefaultFilters=true, excludeFilters={}, showSql=true, excludeAutoConfiguration={}, includeFilters={}, properties={})]], org.springframework.boot.test.context.filter.ExcludeFilterContextCustomizer@2a62b5bc, org.springframework.boot.test.json.DuplicateJsonObjectContextCustomizerFactory$DuplicateJsonObjectContextCustomizer@53fd0d10, org.springframework.boot.test.mock.mockito.MockitoContextCustomizer@d320340e, org.springframework.boot.test.autoconfigure.OverrideAutoConfigurationContextCustomizerFactory$DisableAutoConfigurationContextCustomizer@3549bca9, org.springframework.boot.test.autoconfigure.actuate.metrics.MetricsExportContextCustomizerFactory$DisableMetricExportContextCustomizer@74bada02, org.springframework.boot.test.autoconfigure.filter.TypeExcludeFiltersContextCustomizer@351584c0, org.springframework.boot.test.autoconfigure.properties.PropertyMappingContextCustomizer@3fcb9f70, org.springframework.boot.test.autoconfigure.web.servlet.WebDriverContextCustomizerFactory$Customizer@6aa3a905, org.springframework.boot.test.context.SpringBootTestArgs@1, org.springframework.boot.test.context.SpringBootTestWebEnvironment@0], contextLoader = 'org.springframework.boot.test.context.SpringBootContextLoader', parent = [null]], attributes = map['org.springframework.test.context.event.ApplicationEventsTestExecutionListener.recordApplicationEvents' -> false]]; transaction manager [org.springframework.orm.jpa.JpaTransactionManager@30333941]; rollback [true]
2022-07-22 10:38:41.234  INFO 3807 --- [           main] o.s.t.c.transaction.TransactionContext   : Rolled back transaction for test: [DefaultTestContext@47f4e407 testClass = DocumentRepositoryTest, testInstance = de.tastaturathlet.document.repository.DocumentRepositoryTest@5e02fb23, testMethod = deleteDocument@DocumentRepositoryTest, testException = [null], mergedContextConfiguration = [MergedContextConfiguration@2d1dee39 testClass = DocumentRepositoryTest, locations = '{}', classes = '{class de.tastaturathlet.document.config.JpaAuditingConfig}', contextInitializerClasses = '[]', activeProfiles = '{}', propertySourceLocations = '{}', propertySourceProperties = '{org.springframework.boot.test.autoconfigure.orm.jpa.DataJpaTestContextBootstrapper=true}', contextCustomizers = set[[ImportsContextCustomizer@48d5f34e key = [@org.springframework.boot.test.autoconfigure.orm.jpa.AutoConfigureDataJpa(), @org.springframework.boot.test.autoconfigure.orm.jpa.AutoConfigureTestEntityManager(), @org.springframework.context.annotation.Import(value={org.springframework.data.jpa.repository.config.JpaRepositoriesRegistrar.class}), @org.springframework.context.annotation.Import(value={org.springframework.boot.autoconfigure.domain.EntityScanPackages$Registrar.class}), @org.springframework.transaction.annotation.Transactional(propagation=REQUIRED, rollbackForClassName={}, readOnly=false, isolation=DEFAULT, transactionManager="", timeoutString="", label={}, noRollbackFor={}, noRollbackForClassName={}, value="", timeout=-1, rollbackFor={}), @org.springframework.test.context.BootstrapWith(value=org.springframework.boot.test.autoconfigure.orm.jpa.DataJpaTestContextBootstrapper.class), @org.springframework.boot.test.autoconfigure.core.AutoConfigureCache(cacheProvider=NONE), @org.springframework.boot.autoconfigure.domain.EntityScan(basePackages={}, value={"de.tastaturathlet.document.domain"}, basePackageClasses={}), @org.springframework.data.jpa.repository.config.EnableJpaRepositories(excludeFilters={}, enableDefaultTransactions=true, repositoryBaseClass=org.springframework.data.repository.config.DefaultRepositoryBaseClass.class, basePackageClasses={}, escapeCharacter='\', includeFilters={}, bootstrapMode=DEFAULT, repositoryFactoryBeanClass=org.springframework.data.jpa.repository.support.JpaRepositoryFactoryBean.class, entityManagerFactoryRef="entityManagerFactory", queryLookupStrategy=CREATE_IF_NOT_FOUND, namedQueriesLocation="", transactionManagerRef="transactionManager", repositoryImplementationPostfix="Impl", basePackages={"de.tastaturathlet.document.*"}, considerNestedRepositories=false, value={}), @org.springframework.context.annotation.Import(value={org.springframework.boot.autoconfigure.ImportAutoConfigurationImportSelector.class}), @org.springframework.boot.autoconfigure.ImportAutoConfiguration(value={}, exclude={}, classes={}), @org.springframework.boot.test.autoconfigure.jdbc.AutoConfigureTestDatabase(replace=ANY, connection=NONE), @org.springframework.boot.test.autoconfigure.filter.TypeExcludeFilters(value={org.springframework.boot.test.autoconfigure.orm.jpa.DataJpaTypeExcludeFilter.class}), @org.springframework.boot.test.autoconfigure.properties.PropertyMapping(value="spring.test.database", skip=NO), @org.springframework.test.context.ContextConfiguration(inheritInitializers=true, loader=org.springframework.test.context.ContextLoader.class, initializers={}, classes={de.tastaturathlet.document.config.JpaAuditingConfig.class}, name="", locations={}, value={}, inheritLocations=true), @org.springframework.boot.test.autoconfigure.OverrideAutoConfiguration(enabled=false), @org.springframework.boot.test.autoconfigure.orm.jpa.DataJpaTest(bootstrapMode=DEFAULT, useDefaultFilters=true, excludeFilters={}, showSql=true, excludeAutoConfiguration={}, includeFilters={}, properties={})]], org.springframework.boot.test.context.filter.ExcludeFilterContextCustomizer@2a62b5bc, org.springframework.boot.test.json.DuplicateJsonObjectContextCustomizerFactory$DuplicateJsonObjectContextCustomizer@53fd0d10, org.springframework.boot.test.mock.mockito.MockitoContextCustomizer@d320340e, org.springframework.boot.test.autoconfigure.OverrideAutoConfigurationContextCustomizerFactory$DisableAutoConfigurationContextCustomizer@3549bca9, org.springframework.boot.test.autoconfigure.actuate.metrics.MetricsExportContextCustomizerFactory$DisableMetricExportContextCustomizer@74bada02, org.springframework.boot.test.autoconfigure.filter.TypeExcludeFiltersContextCustomizer@351584c0, org.springframework.boot.test.autoconfigure.properties.PropertyMappingContextCustomizer@3fcb9f70, org.springframework.boot.test.autoconfigure.web.servlet.WebDriverContextCustomizerFactory$Customizer@6aa3a905, org.springframework.boot.test.context.SpringBootTestArgs@1, org.springframework.boot.test.context.SpringBootTestWebEnvironment@0], contextLoader = 'org.springframework.boot.test.context.SpringBootContextLoader', parent = [null]], attributes = map['org.springframework.test.context.event.ApplicationEventsTestExecutionListener.recordApplicationEvents' -> false]]
]]></system-out>
  </testcase>
  <testcase name="findDocument" classname="de.tastaturathlet.document.repository.DocumentRepositoryTest" time="0.008">
    <system-out><![CDATA[2022-07-22 10:38:41.236  INFO 3807 --- [           main] o.s.t.c.transaction.TransactionContext   : Began transaction (1) for test context [DefaultTestContext@47f4e407 testClass = DocumentRepositoryTest, testInstance = de.tastaturathlet.document.repository.DocumentRepositoryTest@30811f91, testMethod = findDocument@DocumentRepositoryTest, testException = [null], mergedContextConfiguration = [MergedContextConfiguration@2d1dee39 testClass = DocumentRepositoryTest, locations = '{}', classes = '{class de.tastaturathlet.document.config.JpaAuditingConfig}', contextInitializerClasses = '[]', activeProfiles = '{}', propertySourceLocations = '{}', propertySourceProperties = '{org.springframework.boot.test.autoconfigure.orm.jpa.DataJpaTestContextBootstrapper=true}', contextCustomizers = set[[ImportsContextCustomizer@48d5f34e key = [@org.springframework.boot.test.autoconfigure.orm.jpa.AutoConfigureDataJpa(), @org.springframework.boot.test.autoconfigure.orm.jpa.AutoConfigureTestEntityManager(), @org.springframework.context.annotation.Import(value={org.springframework.data.jpa.repository.config.JpaRepositoriesRegistrar.class}), @org.springframework.context.annotation.Import(value={org.springframework.boot.autoconfigure.domain.EntityScanPackages$Registrar.class}), @org.springframework.transaction.annotation.Transactional(propagation=REQUIRED, rollbackForClassName={}, readOnly=false, isolation=DEFAULT, transactionManager="", timeoutString="", label={}, noRollbackFor={}, noRollbackForClassName={}, value="", timeout=-1, rollbackFor={}), @org.springframework.test.context.BootstrapWith(value=org.springframework.boot.test.autoconfigure.orm.jpa.DataJpaTestContextBootstrapper.class), @org.springframework.boot.test.autoconfigure.core.AutoConfigureCache(cacheProvider=NONE), @org.springframework.boot.autoconfigure.domain.EntityScan(basePackages={}, value={"de.tastaturathlet.document.domain"}, basePackageClasses={}), @org.springframework.data.jpa.repository.config.EnableJpaRepositories(excludeFilters={}, enableDefaultTransactions=true, repositoryBaseClass=org.springframework.data.repository.config.DefaultRepositoryBaseClass.class, basePackageClasses={}, escapeCharacter='\', includeFilters={}, bootstrapMode=DEFAULT, repositoryFactoryBeanClass=org.springframework.data.jpa.repository.support.JpaRepositoryFactoryBean.class, entityManagerFactoryRef="entityManagerFactory", queryLookupStrategy=CREATE_IF_NOT_FOUND, namedQueriesLocation="", transactionManagerRef="transactionManager", repositoryImplementationPostfix="Impl", basePackages={"de.tastaturathlet.document.*"}, considerNestedRepositories=false, value={}), @org.springframework.context.annotation.Import(value={org.springframework.boot.autoconfigure.ImportAutoConfigurationImportSelector.class}), @org.springframework.boot.autoconfigure.ImportAutoConfiguration(value={}, exclude={}, classes={}), @org.springframework.boot.test.autoconfigure.jdbc.AutoConfigureTestDatabase(replace=ANY, connection=NONE), @org.springframework.boot.test.autoconfigure.filter.TypeExcludeFilters(value={org.springframework.boot.test.autoconfigure.orm.jpa.DataJpaTypeExcludeFilter.class}), @org.springframework.boot.test.autoconfigure.properties.PropertyMapping(value="spring.test.database", skip=NO), @org.springframework.test.context.ContextConfiguration(inheritInitializers=true, loader=org.springframework.test.context.ContextLoader.class, initializers={}, classes={de.tastaturathlet.document.config.JpaAuditingConfig.class}, name="", locations={}, value={}, inheritLocations=true), @org.springframework.boot.test.autoconfigure.OverrideAutoConfiguration(enabled=false), @org.springframework.boot.test.autoconfigure.orm.jpa.DataJpaTest(bootstrapMode=DEFAULT, useDefaultFilters=true, excludeFilters={}, showSql=true, excludeAutoConfiguration={}, includeFilters={}, properties={})]], org.springframework.boot.test.context.filter.ExcludeFilterContextCustomizer@2a62b5bc, org.springframework.boot.test.json.DuplicateJsonObjectContextCustomizerFactory$DuplicateJsonObjectContextCustomizer@53fd0d10, org.springframework.boot.test.mock.mockito.MockitoContextCustomizer@d320340e, org.springframework.boot.test.autoconfigure.OverrideAutoConfigurationContextCustomizerFactory$DisableAutoConfigurationContextCustomizer@3549bca9, org.springframework.boot.test.autoconfigure.actuate.metrics.MetricsExportContextCustomizerFactory$DisableMetricExportContextCustomizer@74bada02, org.springframework.boot.test.autoconfigure.filter.TypeExcludeFiltersContextCustomizer@351584c0, org.springframework.boot.test.autoconfigure.properties.PropertyMappingContextCustomizer@3fcb9f70, org.springframework.boot.test.autoconfigure.web.servlet.WebDriverContextCustomizerFactory$Customizer@6aa3a905, org.springframework.boot.test.context.SpringBootTestArgs@1, org.springframework.boot.test.context.SpringBootTestWebEnvironment@0], contextLoader = 'org.springframework.boot.test.context.SpringBootContextLoader', parent = [null]], attributes = map['org.springframework.test.context.event.ApplicationEventsTestExecutionListener.recordApplicationEvents' -> false]]; transaction manager [org.springframework.orm.jpa.JpaTransactionManager@30333941]; rollback [true]
2022-07-22 10:38:41.242  INFO 3807 --- [           main] o.s.t.c.transaction.TransactionContext   : Rolled back transaction for test: [DefaultTestContext@47f4e407 testClass = DocumentRepositoryTest, testInstance = de.tastaturathlet.document.repository.DocumentRepositoryTest@30811f91, testMethod = findDocument@DocumentRepositoryTest, testException = [null], mergedContextConfiguration = [MergedContextConfiguration@2d1dee39 testClass = DocumentRepositoryTest, locations = '{}', classes = '{class de.tastaturathlet.document.config.JpaAuditingConfig}', contextInitializerClasses = '[]', activeProfiles = '{}', propertySourceLocations = '{}', propertySourceProperties = '{org.springframework.boot.test.autoconfigure.orm.jpa.DataJpaTestContextBootstrapper=true}', contextCustomizers = set[[ImportsContextCustomizer@48d5f34e key = [@org.springframework.boot.test.autoconfigure.orm.jpa.AutoConfigureDataJpa(), @org.springframework.boot.test.autoconfigure.orm.jpa.AutoConfigureTestEntityManager(), @org.springframework.context.annotation.Import(value={org.springframework.data.jpa.repository.config.JpaRepositoriesRegistrar.class}), @org.springframework.context.annotation.Import(value={org.springframework.boot.autoconfigure.domain.EntityScanPackages$Registrar.class}), @org.springframework.transaction.annotation.Transactional(propagation=REQUIRED, rollbackForClassName={}, readOnly=false, isolation=DEFAULT, transactionManager="", timeoutString="", label={}, noRollbackFor={}, noRollbackForClassName={}, value="", timeout=-1, rollbackFor={}), @org.springframework.test.context.BootstrapWith(value=org.springframework.boot.test.autoconfigure.orm.jpa.DataJpaTestContextBootstrapper.class), @org.springframework.boot.test.autoconfigure.core.AutoConfigureCache(cacheProvider=NONE), @org.springframework.boot.autoconfigure.domain.EntityScan(basePackages={}, value={"de.tastaturathlet.document.domain"}, basePackageClasses={}), @org.springframework.data.jpa.repository.config.EnableJpaRepositories(excludeFilters={}, enableDefaultTransactions=true, repositoryBaseClass=org.springframework.data.repository.config.DefaultRepositoryBaseClass.class, basePackageClasses={}, escapeCharacter='\', includeFilters={}, bootstrapMode=DEFAULT, repositoryFactoryBeanClass=org.springframework.data.jpa.repository.support.JpaRepositoryFactoryBean.class, entityManagerFactoryRef="entityManagerFactory", queryLookupStrategy=CREATE_IF_NOT_FOUND, namedQueriesLocation="", transactionManagerRef="transactionManager", repositoryImplementationPostfix="Impl", basePackages={"de.tastaturathlet.document.*"}, considerNestedRepositories=false, value={}), @org.springframework.context.annotation.Import(value={org.springframework.boot.autoconfigure.ImportAutoConfigurationImportSelector.class}), @org.springframework.boot.autoconfigure.ImportAutoConfiguration(value={}, exclude={}, classes={}), @org.springframework.boot.test.autoconfigure.jdbc.AutoConfigureTestDatabase(replace=ANY, connection=NONE), @org.springframework.boot.test.autoconfigure.filter.TypeExcludeFilters(value={org.springframework.boot.test.autoconfigure.orm.jpa.DataJpaTypeExcludeFilter.class}), @org.springframework.boot.test.autoconfigure.properties.PropertyMapping(value="spring.test.database", skip=NO), @org.springframework.test.context.ContextConfiguration(inheritInitializers=true, loader=org.springframework.test.context.ContextLoader.class, initializers={}, classes={de.tastaturathlet.document.config.JpaAuditingConfig.class}, name="", locations={}, value={}, inheritLocations=true), @org.springframework.boot.test.autoconfigure.OverrideAutoConfiguration(enabled=false), @org.springframework.boot.test.autoconfigure.orm.jpa.DataJpaTest(bootstrapMode=DEFAULT, useDefaultFilters=true, excludeFilters={}, showSql=true, excludeAutoConfiguration={}, includeFilters={}, properties={})]], org.springframework.boot.test.context.filter.ExcludeFilterContextCustomizer@2a62b5bc, org.springframework.boot.test.json.DuplicateJsonObjectContextCustomizerFactory$DuplicateJsonObjectContextCustomizer@53fd0d10, org.springframework.boot.test.mock.mockito.MockitoContextCustomizer@d320340e, org.springframework.boot.test.autoconfigure.OverrideAutoConfigurationContextCustomizerFactory$DisableAutoConfigurationContextCustomizer@3549bca9, org.springframework.boot.test.autoconfigure.actuate.metrics.MetricsExportContextCustomizerFactory$DisableMetricExportContextCustomizer@74bada02, org.springframework.boot.test.autoconfigure.filter.TypeExcludeFiltersContextCustomizer@351584c0, org.springframework.boot.test.autoconfigure.properties.PropertyMappingContextCustomizer@3fcb9f70, org.springframework.boot.test.autoconfigure.web.servlet.WebDriverContextCustomizerFactory$Customizer@6aa3a905, org.springframework.boot.test.context.SpringBootTestArgs@1, org.springframework.boot.test.context.SpringBootTestWebEnvironment@0], contextLoader = 'org.springframework.boot.test.context.SpringBootContextLoader', parent = [null]], attributes = map['org.springframework.test.context.event.ApplicationEventsTestExecutionListener.recordApplicationEvents' -> false]]
]]></system-out>
  </testcase>
  <testcase name="updateDocument" classname="de.tastaturathlet.document.repository.DocumentRepositoryTest" time="0.011">
    <system-out><![CDATA[2022-07-22 10:38:41.244  INFO 3807 --- [           main] o.s.t.c.transaction.TransactionContext   : Began transaction (1) for test context [DefaultTestContext@47f4e407 testClass = DocumentRepositoryTest, testInstance = de.tastaturathlet.document.repository.DocumentRepositoryTest@70a54731, testMethod = updateDocument@DocumentRepositoryTest, testException = [null], mergedContextConfiguration = [MergedContextConfiguration@2d1dee39 testClass = DocumentRepositoryTest, locations = '{}', classes = '{class de.tastaturathlet.document.config.JpaAuditingConfig}', contextInitializerClasses = '[]', activeProfiles = '{}', propertySourceLocations = '{}', propertySourceProperties = '{org.springframework.boot.test.autoconfigure.orm.jpa.DataJpaTestContextBootstrapper=true}', contextCustomizers = set[[ImportsContextCustomizer@48d5f34e key = [@org.springframework.boot.test.autoconfigure.orm.jpa.AutoConfigureDataJpa(), @org.springframework.boot.test.autoconfigure.orm.jpa.AutoConfigureTestEntityManager(), @org.springframework.context.annotation.Import(value={org.springframework.data.jpa.repository.config.JpaRepositoriesRegistrar.class}), @org.springframework.context.annotation.Import(value={org.springframework.boot.autoconfigure.domain.EntityScanPackages$Registrar.class}), @org.springframework.transaction.annotation.Transactional(propagation=REQUIRED, rollbackForClassName={}, readOnly=false, isolation=DEFAULT, transactionManager="", timeoutString="", label={}, noRollbackFor={}, noRollbackForClassName={}, value="", timeout=-1, rollbackFor={}), @org.springframework.test.context.BootstrapWith(value=org.springframework.boot.test.autoconfigure.orm.jpa.DataJpaTestContextBootstrapper.class), @org.springframework.boot.test.autoconfigure.core.AutoConfigureCache(cacheProvider=NONE), @org.springframework.boot.autoconfigure.domain.EntityScan(basePackages={}, value={"de.tastaturathlet.document.domain"}, basePackageClasses={}), @org.springframework.data.jpa.repository.config.EnableJpaRepositories(excludeFilters={}, enableDefaultTransactions=true, repositoryBaseClass=org.springframework.data.repository.config.DefaultRepositoryBaseClass.class, basePackageClasses={}, escapeCharacter='\', includeFilters={}, bootstrapMode=DEFAULT, repositoryFactoryBeanClass=org.springframework.data.jpa.repository.support.JpaRepositoryFactoryBean.class, entityManagerFactoryRef="entityManagerFactory", queryLookupStrategy=CREATE_IF_NOT_FOUND, namedQueriesLocation="", transactionManagerRef="transactionManager", repositoryImplementationPostfix="Impl", basePackages={"de.tastaturathlet.document.*"}, considerNestedRepositories=false, value={}), @org.springframework.context.annotation.Import(value={org.springframework.boot.autoconfigure.ImportAutoConfigurationImportSelector.class}), @org.springframework.boot.autoconfigure.ImportAutoConfiguration(value={}, exclude={}, classes={}), @org.springframework.boot.test.autoconfigure.jdbc.AutoConfigureTestDatabase(replace=ANY, connection=NONE), @org.springframework.boot.test.autoconfigure.filter.TypeExcludeFilters(value={org.springframework.boot.test.autoconfigure.orm.jpa.DataJpaTypeExcludeFilter.class}), @org.springframework.boot.test.autoconfigure.properties.PropertyMapping(value="spring.test.database", skip=NO), @org.springframework.test.context.ContextConfiguration(inheritInitializers=true, loader=org.springframework.test.context.ContextLoader.class, initializers={}, classes={de.tastaturathlet.document.config.JpaAuditingConfig.class}, name="", locations={}, value={}, inheritLocations=true), @org.springframework.boot.test.autoconfigure.OverrideAutoConfiguration(enabled=false), @org.springframework.boot.test.autoconfigure.orm.jpa.DataJpaTest(bootstrapMode=DEFAULT, useDefaultFilters=true, excludeFilters={}, showSql=true, excludeAutoConfiguration={}, includeFilters={}, properties={})]], org.springframework.boot.test.context.filter.ExcludeFilterContextCustomizer@2a62b5bc, org.springframework.boot.test.json.DuplicateJsonObjectContextCustomizerFactory$DuplicateJsonObjectContextCustomizer@53fd0d10, org.springframework.boot.test.mock.mockito.MockitoContextCustomizer@d320340e, org.springframework.boot.test.autoconfigure.OverrideAutoConfigurationContextCustomizerFactory$DisableAutoConfigurationContextCustomizer@3549bca9, org.springframework.boot.test.autoconfigure.actuate.metrics.MetricsExportContextCustomizerFactory$DisableMetricExportContextCustomizer@74bada02, org.springframework.boot.test.autoconfigure.filter.TypeExcludeFiltersContextCustomizer@351584c0, org.springframework.boot.test.autoconfigure.properties.PropertyMappingContextCustomizer@3fcb9f70, org.springframework.boot.test.autoconfigure.web.servlet.WebDriverContextCustomizerFactory$Customizer@6aa3a905, org.springframework.boot.test.context.SpringBootTestArgs@1, org.springframework.boot.test.context.SpringBootTestWebEnvironment@0], contextLoader = 'org.springframework.boot.test.context.SpringBootContextLoader', parent = [null]], attributes = map['org.springframework.test.context.event.ApplicationEventsTestExecutionListener.recordApplicationEvents' -> false]]; transaction manager [org.springframework.orm.jpa.JpaTransactionManager@30333941]; rollback [true]
2022-07-22 10:38:41.253  INFO 3807 --- [           main] o.s.t.c.transaction.TransactionContext   : Rolled back transaction for test: [DefaultTestContext@47f4e407 testClass = DocumentRepositoryTest, testInstance = de.tastaturathlet.document.repository.DocumentRepositoryTest@70a54731, testMethod = updateDocument@DocumentRepositoryTest, testException = [null], mergedContextConfiguration = [MergedContextConfiguration@2d1dee39 testClass = DocumentRepositoryTest, locations = '{}', classes = '{class de.tastaturathlet.document.config.JpaAuditingConfig}', contextInitializerClasses = '[]', activeProfiles = '{}', propertySourceLocations = '{}', propertySourceProperties = '{org.springframework.boot.test.autoconfigure.orm.jpa.DataJpaTestContextBootstrapper=true}', contextCustomizers = set[[ImportsContextCustomizer@48d5f34e key = [@org.springframework.boot.test.autoconfigure.orm.jpa.AutoConfigureDataJpa(), @org.springframework.boot.test.autoconfigure.orm.jpa.AutoConfigureTestEntityManager(), @org.springframework.context.annotation.Import(value={org.springframework.data.jpa.repository.config.JpaRepositoriesRegistrar.class}), @org.springframework.context.annotation.Import(value={org.springframework.boot.autoconfigure.domain.EntityScanPackages$Registrar.class}), @org.springframework.transaction.annotation.Transactional(propagation=REQUIRED, rollbackForClassName={}, readOnly=false, isolation=DEFAULT, transactionManager="", timeoutString="", label={}, noRollbackFor={}, noRollbackForClassName={}, value="", timeout=-1, rollbackFor={}), @org.springframework.test.context.BootstrapWith(value=org.springframework.boot.test.autoconfigure.orm.jpa.DataJpaTestContextBootstrapper.class), @org.springframework.boot.test.autoconfigure.core.AutoConfigureCache(cacheProvider=NONE), @org.springframework.boot.autoconfigure.domain.EntityScan(basePackages={}, value={"de.tastaturathlet.document.domain"}, basePackageClasses={}), @org.springframework.data.jpa.repository.config.EnableJpaRepositories(excludeFilters={}, enableDefaultTransactions=true, repositoryBaseClass=org.springframework.data.repository.config.DefaultRepositoryBaseClass.class, basePackageClasses={}, escapeCharacter='\', includeFilters={}, bootstrapMode=DEFAULT, repositoryFactoryBeanClass=org.springframework.data.jpa.repository.support.JpaRepositoryFactoryBean.class, entityManagerFactoryRef="entityManagerFactory", queryLookupStrategy=CREATE_IF_NOT_FOUND, namedQueriesLocation="", transactionManagerRef="transactionManager", repositoryImplementationPostfix="Impl", basePackages={"de.tastaturathlet.document.*"}, considerNestedRepositories=false, value={}), @org.springframework.context.annotation.Import(value={org.springframework.boot.autoconfigure.ImportAutoConfigurationImportSelector.class}), @org.springframework.boot.autoconfigure.ImportAutoConfiguration(value={}, exclude={}, classes={}), @org.springframework.boot.test.autoconfigure.jdbc.AutoConfigureTestDatabase(replace=ANY, connection=NONE), @org.springframework.boot.test.autoconfigure.filter.TypeExcludeFilters(value={org.springframework.boot.test.autoconfigure.orm.jpa.DataJpaTypeExcludeFilter.class}), @org.springframework.boot.test.autoconfigure.properties.PropertyMapping(value="spring.test.database", skip=NO), @org.springframework.test.context.ContextConfiguration(inheritInitializers=true, loader=org.springframework.test.context.ContextLoader.class, initializers={}, classes={de.tastaturathlet.document.config.JpaAuditingConfig.class}, name="", locations={}, value={}, inheritLocations=true), @org.springframework.boot.test.autoconfigure.OverrideAutoConfiguration(enabled=false), @org.springframework.boot.test.autoconfigure.orm.jpa.DataJpaTest(bootstrapMode=DEFAULT, useDefaultFilters=true, excludeFilters={}, showSql=true, excludeAutoConfiguration={}, includeFilters={}, properties={})]], org.springframework.boot.test.context.filter.ExcludeFilterContextCustomizer@2a62b5bc, org.springframework.boot.test.json.DuplicateJsonObjectContextCustomizerFactory$DuplicateJsonObjectContextCustomizer@53fd0d10, org.springframework.boot.test.mock.mockito.MockitoContextCustomizer@d320340e, org.springframework.boot.test.autoconfigure.OverrideAutoConfigurationContextCustomizerFactory$DisableAutoConfigurationContextCustomizer@3549bca9, org.springframework.boot.test.autoconfigure.actuate.metrics.MetricsExportContextCustomizerFactory$DisableMetricExportContextCustomizer@74bada02, org.springframework.boot.test.autoconfigure.filter.TypeExcludeFiltersContextCustomizer@351584c0, org.springframework.boot.test.autoconfigure.properties.PropertyMappingContextCustomizer@3fcb9f70, org.springframework.boot.test.autoconfigure.web.servlet.WebDriverContextCustomizerFactory$Customizer@6aa3a905, org.springframework.boot.test.context.SpringBootTestArgs@1, org.springframework.boot.test.context.SpringBootTestWebEnvironment@0], contextLoader = 'org.springframework.boot.test.context.SpringBootContextLoader', parent = [null]], attributes = map['org.springframework.test.context.event.ApplicationEventsTestExecutionListener.recordApplicationEvents' -> false]]
]]></system-out>
  </testcase>
  <testcase name="createDocument" classname="de.tastaturathlet.document.repository.DocumentRepositoryTest" time="0.006">
    <system-out><![CDATA[2022-07-22 10:38:41.256  INFO 3807 --- [           main] o.s.t.c.transaction.TransactionContext   : Began transaction (1) for test context [DefaultTestContext@47f4e407 testClass = DocumentRepositoryTest, testInstance = de.tastaturathlet.document.repository.DocumentRepositoryTest@6be1f37f, testMethod = createDocument@DocumentRepositoryTest, testException = [null], mergedContextConfiguration = [MergedContextConfiguration@2d1dee39 testClass = DocumentRepositoryTest, locations = '{}', classes = '{class de.tastaturathlet.document.config.JpaAuditingConfig}', contextInitializerClasses = '[]', activeProfiles = '{}', propertySourceLocations = '{}', propertySourceProperties = '{org.springframework.boot.test.autoconfigure.orm.jpa.DataJpaTestContextBootstrapper=true}', contextCustomizers = set[[ImportsContextCustomizer@48d5f34e key = [@org.springframework.boot.test.autoconfigure.orm.jpa.AutoConfigureDataJpa(), @org.springframework.boot.test.autoconfigure.orm.jpa.AutoConfigureTestEntityManager(), @org.springframework.context.annotation.Import(value={org.springframework.data.jpa.repository.config.JpaRepositoriesRegistrar.class}), @org.springframework.context.annotation.Import(value={org.springframework.boot.autoconfigure.domain.EntityScanPackages$Registrar.class}), @org.springframework.transaction.annotation.Transactional(propagation=REQUIRED, rollbackForClassName={}, readOnly=false, isolation=DEFAULT, transactionManager="", timeoutString="", label={}, noRollbackFor={}, noRollbackForClassName={}, value="", timeout=-1, rollbackFor={}), @org.springframework.test.context.BootstrapWith(value=org.springframework.boot.test.autoconfigure.orm.jpa.DataJpaTestContextBootstrapper.class), @org.springframework.boot.test.autoconfigure.core.AutoConfigureCache(cacheProvider=NONE), @org.springframework.boot.autoconfigure.domain.EntityScan(basePackages={}, value={"de.tastaturathlet.document.domain"}, basePackageClasses={}), @org.springframework.data.jpa.repository.config.EnableJpaRepositories(excludeFilters={}, enableDefaultTransactions=true, repositoryBaseClass=org.springframework.data.repository.config.DefaultRepositoryBaseClass.class, basePackageClasses={}, escapeCharacter='\', includeFilters={}, bootstrapMode=DEFAULT, repositoryFactoryBeanClass=org.springframework.data.jpa.repository.support.JpaRepositoryFactoryBean.class, entityManagerFactoryRef="entityManagerFactory", queryLookupStrategy=CREATE_IF_NOT_FOUND, namedQueriesLocation="", transactionManagerRef="transactionManager", repositoryImplementationPostfix="Impl", basePackages={"de.tastaturathlet.document.*"}, considerNestedRepositories=false, value={}), @org.springframework.context.annotation.Import(value={org.springframework.boot.autoconfigure.ImportAutoConfigurationImportSelector.class}), @org.springframework.boot.autoconfigure.ImportAutoConfiguration(value={}, exclude={}, classes={}), @org.springframework.boot.test.autoconfigure.jdbc.AutoConfigureTestDatabase(replace=ANY, connection=NONE), @org.springframework.boot.test.autoconfigure.filter.TypeExcludeFilters(value={org.springframework.boot.test.autoconfigure.orm.jpa.DataJpaTypeExcludeFilter.class}), @org.springframework.boot.test.autoconfigure.properties.PropertyMapping(value="spring.test.database", skip=NO), @org.springframework.test.context.ContextConfiguration(inheritInitializers=true, loader=org.springframework.test.context.ContextLoader.class, initializers={}, classes={de.tastaturathlet.document.config.JpaAuditingConfig.class}, name="", locations={}, value={}, inheritLocations=true), @org.springframework.boot.test.autoconfigure.OverrideAutoConfiguration(enabled=false), @org.springframework.boot.test.autoconfigure.orm.jpa.DataJpaTest(bootstrapMode=DEFAULT, useDefaultFilters=true, excludeFilters={}, showSql=true, excludeAutoConfiguration={}, includeFilters={}, properties={})]], org.springframework.boot.test.context.filter.ExcludeFilterContextCustomizer@2a62b5bc, org.springframework.boot.test.json.DuplicateJsonObjectContextCustomizerFactory$DuplicateJsonObjectContextCustomizer@53fd0d10, org.springframework.boot.test.mock.mockito.MockitoContextCustomizer@d320340e, org.springframework.boot.test.autoconfigure.OverrideAutoConfigurationContextCustomizerFactory$DisableAutoConfigurationContextCustomizer@3549bca9, org.springframework.boot.test.autoconfigure.actuate.metrics.MetricsExportContextCustomizerFactory$DisableMetricExportContextCustomizer@74bada02, org.springframework.boot.test.autoconfigure.filter.TypeExcludeFiltersContextCustomizer@351584c0, org.springframework.boot.test.autoconfigure.properties.PropertyMappingContextCustomizer@3fcb9f70, org.springframework.boot.test.autoconfigure.web.servlet.WebDriverContextCustomizerFactory$Customizer@6aa3a905, org.springframework.boot.test.context.SpringBootTestArgs@1, org.springframework.boot.test.context.SpringBootTestWebEnvironment@0], contextLoader = 'org.springframework.boot.test.context.SpringBootContextLoader', parent = [null]], attributes = map['org.springframework.test.context.event.ApplicationEventsTestExecutionListener.recordApplicationEvents' -> false]]; transaction manager [org.springframework.orm.jpa.JpaTransactionManager@30333941]; rollback [true]
2022-07-22 10:38:41.261  INFO 3807 --- [           main] o.s.t.c.transaction.TransactionContext   : Rolled back transaction for test: [DefaultTestContext@47f4e407 testClass = DocumentRepositoryTest, testInstance = de.tastaturathlet.document.repository.DocumentRepositoryTest@6be1f37f, testMethod = createDocument@DocumentRepositoryTest, testException = [null], mergedContextConfiguration = [MergedContextConfiguration@2d1dee39 testClass = DocumentRepositoryTest, locations = '{}', classes = '{class de.tastaturathlet.document.config.JpaAuditingConfig}', contextInitializerClasses = '[]', activeProfiles = '{}', propertySourceLocations = '{}', propertySourceProperties = '{org.springframework.boot.test.autoconfigure.orm.jpa.DataJpaTestContextBootstrapper=true}', contextCustomizers = set[[ImportsContextCustomizer@48d5f34e key = [@org.springframework.boot.test.autoconfigure.orm.jpa.AutoConfigureDataJpa(), @org.springframework.boot.test.autoconfigure.orm.jpa.AutoConfigureTestEntityManager(), @org.springframework.context.annotation.Import(value={org.springframework.data.jpa.repository.config.JpaRepositoriesRegistrar.class}), @org.springframework.context.annotation.Import(value={org.springframework.boot.autoconfigure.domain.EntityScanPackages$Registrar.class}), @org.springframework.transaction.annotation.Transactional(propagation=REQUIRED, rollbackForClassName={}, readOnly=false, isolation=DEFAULT, transactionManager="", timeoutString="", label={}, noRollbackFor={}, noRollbackForClassName={}, value="", timeout=-1, rollbackFor={}), @org.springframework.test.context.BootstrapWith(value=org.springframework.boot.test.autoconfigure.orm.jpa.DataJpaTestContextBootstrapper.class), @org.springframework.boot.test.autoconfigure.core.AutoConfigureCache(cacheProvider=NONE), @org.springframework.boot.autoconfigure.domain.EntityScan(basePackages={}, value={"de.tastaturathlet.document.domain"}, basePackageClasses={}), @org.springframework.data.jpa.repository.config.EnableJpaRepositories(excludeFilters={}, enableDefaultTransactions=true, repositoryBaseClass=org.springframework.data.repository.config.DefaultRepositoryBaseClass.class, basePackageClasses={}, escapeCharacter='\', includeFilters={}, bootstrapMode=DEFAULT, repositoryFactoryBeanClass=org.springframework.data.jpa.repository.support.JpaRepositoryFactoryBean.class, entityManagerFactoryRef="entityManagerFactory", queryLookupStrategy=CREATE_IF_NOT_FOUND, namedQueriesLocation="", transactionManagerRef="transactionManager", repositoryImplementationPostfix="Impl", basePackages={"de.tastaturathlet.document.*"}, considerNestedRepositories=false, value={}), @org.springframework.context.annotation.Import(value={org.springframework.boot.autoconfigure.ImportAutoConfigurationImportSelector.class}), @org.springframework.boot.autoconfigure.ImportAutoConfiguration(value={}, exclude={}, classes={}), @org.springframework.boot.test.autoconfigure.jdbc.AutoConfigureTestDatabase(replace=ANY, connection=NONE), @org.springframework.boot.test.autoconfigure.filter.TypeExcludeFilters(value={org.springframework.boot.test.autoconfigure.orm.jpa.DataJpaTypeExcludeFilter.class}), @org.springframework.boot.test.autoconfigure.properties.PropertyMapping(value="spring.test.database", skip=NO), @org.springframework.test.context.ContextConfiguration(inheritInitializers=true, loader=org.springframework.test.context.ContextLoader.class, initializers={}, classes={de.tastaturathlet.document.config.JpaAuditingConfig.class}, name="", locations={}, value={}, inheritLocations=true), @org.springframework.boot.test.autoconfigure.OverrideAutoConfiguration(enabled=false), @org.springframework.boot.test.autoconfigure.orm.jpa.DataJpaTest(bootstrapMode=DEFAULT, useDefaultFilters=true, excludeFilters={}, showSql=true, excludeAutoConfiguration={}, includeFilters={}, properties={})]], org.springframework.boot.test.context.filter.ExcludeFilterContextCustomizer@2a62b5bc, org.springframework.boot.test.json.DuplicateJsonObjectContextCustomizerFactory$DuplicateJsonObjectContextCustomizer@53fd0d10, org.springframework.boot.test.mock.mockito.MockitoContextCustomizer@d320340e, org.springframework.boot.test.autoconfigure.OverrideAutoConfigurationContextCustomizerFactory$DisableAutoConfigurationContextCustomizer@3549bca9, org.springframework.boot.test.autoconfigure.actuate.metrics.MetricsExportContextCustomizerFactory$DisableMetricExportContextCustomizer@74bada02, org.springframework.boot.test.autoconfigure.filter.TypeExcludeFiltersContextCustomizer@351584c0, org.springframework.boot.test.autoconfigure.properties.PropertyMappingContextCustomizer@3fcb9f70, org.springframework.boot.test.autoconfigure.web.servlet.WebDriverContextCustomizerFactory$Customizer@6aa3a905, org.springframework.boot.test.context.SpringBootTestArgs@1, org.springframework.boot.test.context.SpringBootTestWebEnvironment@0], contextLoader = 'org.springframework.boot.test.context.SpringBootContextLoader', parent = [null]], attributes = map['org.springframework.test.context.event.ApplicationEventsTestExecutionListener.recordApplicationEvents' -> false]]
]]></system-out>
  </testcase>
</testsuite>